<?xml version="1.0" encoding="UTF-8"?>
<testng-results skipped="0" failed="0" total="1" passed="1">
  <reporter-output>
  </reporter-output>
  <suite name="com.qait.automation.report.ResultsIT" duration-ms="1155" started-at="2013-03-01T13:03:12Z" finished-at="2013-03-01T13:03:13Z">
    <groups>
    </groups>
    <test name="Command line test" duration-ms="1155" started-at="2013-03-01T13:03:12Z" finished-at="2013-03-01T13:03:13Z">
      <class name="com.qait.automation.report.ResultsIT">
        <test-method status="PASS" signature="setupMailConfig()[pri:0, instance:com.qait.automation.report.ResultsIT@1abab88]" name="setupMailConfig" is-config="true" duration-ms="16" started-at="2013-03-01T18:33:12Z" finished-at="2013-03-01T18:33:12Z">
          <reporter-output>
          </reporter-output>
        </test-method> <!-- setupMailConfig -->
        <test-method status="PASS" signature="sendResultsMail()[pri:0, instance:com.qait.automation.report.ResultsIT@1abab88]" name="sendResultsMail" duration-ms="1123" started-at="2013-03-01T18:33:12Z" finished-at="2013-03-01T18:33:13Z">
          <reporter-output>
          </reporter-output>
        </test-method> <!-- sendResultsMail -->
      </class> <!-- com.qait.automation.report.ResultsIT -->
    </test> <!-- Command line test -->
  </suite> <!-- com.qait.automation.report.ResultsIT -->
</testng-results>
