<?xml version="1.0" encoding="UTF-8"?>
<testng-results skipped="0" failed="0" total="5" passed="5">
  <reporter-output>
    <line>
      <![CDATA[Fri, 1 Mar 2013 18:29:43 IST Click on Receive Information (No course) - Pass
<br>]]>
    </line>
    <line>
      <![CDATA[Fri, 1 Mar 2013 18:29:43 IST  Penn Foster School Image Verify - Pass
<br>]]>
    </line>
    <line>
      <![CDATA[Fri, 1 Mar 2013 18:29:43 IST Total number of Course under Receive Information (No course) is --] 185 - Pass
<br>]]>
    </line>
    <line>
      <![CDATA[Fri, 1 Mar 2013 18:29:48 IST  ########## Start browser session STARTS ###########
<br>]]>
    </line>
    <line>
      <![CDATA[Fri, 1 Mar 2013 18:29:50 IST  ########## Start browser session ENDS ###########
<br>]]>
    </line>
    <line>
      <![CDATA[Fri, 1 Mar 2013 18:29:50 IST  ########## Start Launch Home Page STARTS ###########
<br>]]>
    </line>
    <line>
      <![CDATA[Fri, 1 Mar 2013 18:29:56 IST  ########## Start Launch Home Page ENDS ###########
<br>]]>
    </line>
    <line>
      <![CDATA[Fri, 1 Mar 2013 18:29:56 IST  ########## Start Launch Home Page STARTS ###########
<br>]]>
    </line>
    <line>
      <![CDATA[Fri, 1 Mar 2013 18:30:02 IST Click on Receive Information (No course) - Pass
<br>]]>
    </line>
    <line>
      <![CDATA[Fri, 1 Mar 2013 18:30:02 IST  Penn Foster School Image Verify - Pass
<br>]]>
    </line>
    <line>
      <![CDATA[Fri, 1 Mar 2013 18:30:02 IST  ########## Start Launch Home Page ENDS ###########
<br>]]>
    </line>
    <line>
      <![CDATA[Fri, 1 Mar 2013 18:30:02 IST  ########## Start Get Number Of Course Available STARTS ###########
<br>]]>
    </line>
    <line>
      <![CDATA[Fri, 1 Mar 2013 18:30:02 IST Total number of Course under Receive Information (No course) is --] 185 - Pass
<br>]]>
    </line>
    <line>
      <![CDATA[Fri, 1 Mar 2013 18:30:05 IST  ########## Start Get Number Of Course Available ENDS ###########
<br>]]>
    </line>
    <line>
      <![CDATA[Fri, 1 Mar 2013 18:30:05 IST  ########## Start Select Course From Available Courses STARTS ###########
<br>]]>
    </line>
    <line>
      <![CDATA[Fri, 1 Mar 2013 18:30:05 IST  Select a course from dropdown - Pass
<br>]]>
    </line>
    <line>
      <![CDATA[Fri, 1 Mar 2013 18:30:11 IST  Click on Continue button - Pass
<br>]]>
    </line>
    <line>
      <![CDATA[Fri, 1 Mar 2013 18:30:11 IST  ########## Start Select Course From Available Courses ENDS ###########
<br>]]>
    </line>
    <line>
      <![CDATA[Fri, 1 Mar 2013 18:30:11 IST  ########## Start Enter Information On Personal Informatoin Page STARTS ###########
<br>]]>
    </line>
    <line>
      <![CDATA[Fri, 1 Mar 2013 18:30:11 IST  Enter Information on Step1 page - Pass
<br>]]>
    </line>
    <line>
      <![CDATA[Fri, 1 Mar 2013 18:30:19 IST  Enter First Name --] Final
<br>]]>
    </line>
    <line>
      <![CDATA[Fri, 1 Mar 2013 18:30:19 IST  Enter Last Name  --] bnx
<br>]]>
    </line>
    <line>
      <![CDATA[Fri, 1 Mar 2013 18:30:19 IST  Enter Email  --] mail012948542@pennfoster.com
<br>]]>
    </line>
    <line>
      <![CDATA[Fri, 1 Mar 2013 18:30:19 IST  Enter Phone Number  --] (248)246-1109
<br>]]>
    </line>
    <line>
      <![CDATA[Fri, 1 Mar 2013 18:30:19 IST  Enter Address  --] 925 Oak St
<br>]]>
    </line>
    <line>
      <![CDATA[Fri, 1 Mar 2013 18:30:19 IST  Enter City  --] Scranton
<br>]]>
    </line>
    <line>
      <![CDATA[Fri, 1 Mar 2013 18:30:19 IST  Enter Zip  --] 18515
<br>]]>
    </line>
    <line>
      <![CDATA[Fri, 1 Mar 2013 18:30:20 IST Enter DOB on personal Inforation page MM:DD:YYY format --] 04101987
<br>]]>
    </line>
    <line>
      <![CDATA[Fri, 1 Mar 2013 18:30:31 IST  ########## Start Enter Remaning Information On Personal Informatoin Page ENDS ###########
<br>]]>
    </line>
    <line>
      <![CDATA[Fri, 1 Mar 2013 18:30:31 IST  ########## Start Enter Remaning Information On Personal Informatoin Page STARTS ###########
<br>]]>
    </line>
    <line>
      <![CDATA[Fri, 1 Mar 2013 18:30:31 IST Verify Course Name display on page i.e. MEDICAL CODING & BILLING-CERTIFICATE - PASS
<br>]]>
    </line>
    <line>
      <![CDATA[Fri, 1 Mar 2013 18:30:31 IST Verify Promo COde Link display on Page - PASS
<br>]]>
    </line>
    <line>
      <![CDATA[Fri, 1 Mar 2013 18:30:31 IST  ########## Start Enter Remaning Information On Personal Informatoin Page ENDS ###########
<br>]]>
    </line>
    <line>
      <![CDATA[Fri, 1 Mar 2013 18:30:31 IST  ########## Start Verify Redirect To Payment Information Page STARTS ###########
<br>]]>
    </line>
    <line>
      <![CDATA[Fri, 1 Mar 2013 18:30:31 IST Verify Step Text - PASS
<br>]]>
    </line>
    <line>
      <![CDATA[Fri, 1 Mar 2013 18:30:31 IST Verify Footer Image Secure Transaction - PASS
<br>]]>
    </line>
    <line>
      <![CDATA[Fri, 1 Mar 2013 18:30:31 IST Verify Mode of Payment display on Payment Information Page - PASS
<br>]]>
    </line>
    <line>
      <![CDATA[Fri, 1 Mar 2013 18:30:31 IST  ########## Start Verify Redirect To Payment Information Page ENDS ###########
<br>]]>
    </line>
    <line>
      <![CDATA[Fri, 1 Mar 2013 18:30:31 IST  ########## Start Verify Elements Display On Payment Information STARTS ###########
<br>]]>
    </line>
    <line>
      <![CDATA[Fri, 1 Mar 2013 18:30:33 IST Verify Options diplsy under Full Payment display on Payment Information Page - PASS
<br>]]>
    </line>
    <line>
      <![CDATA[Fri, 1 Mar 2013 18:30:33 IST Select creadit card option display on Payment Information Page - PASS
<br>]]>
    </line>
    <line>
      <![CDATA[Fri, 1 Mar 2013 18:30:33 IST  ########## Start Verify Elements Display On Payment Information ENDS ###########
<br>]]>
    </line>
    <line>
      <![CDATA[Fri, 1 Mar 2013 18:30:33 IST  ########## Start Select Mode Of Payment and Provide Information STARTS ###########
<br>]]>
    </line>
    <line>
      <![CDATA[Fri, 1 Mar 2013 18:30:36 IST Verify form display under creadit card on Payment Information Page - PASS
<br>]]>
    </line>
    <line>
      <![CDATA[Fri, 1 Mar 2013 18:30:36 IST  ########## Start Select Mode Of Payment and Provide Information ENDS ###########
<br>]]>
    </line>
    <line>
      <![CDATA[Fri, 1 Mar 2013 18:30:36 IST  ########## Start Verify Elements Display After Select Mode Of Payment STARTS ###########
<br>]]>
    </line>
    <line>
      <![CDATA[Fri, 1 Mar 2013 18:30:41 IST Enter information in creadit card form
<br>]]>
    </line>
    <line>
      <![CDATA[Fri, 1 Mar 2013 18:30:41 IST Enter Credit Card number in creadit card form is -- ] 4111111111111111
<br>]]>
    </line>
    <line>
      <![CDATA[Fri, 1 Mar 2013 18:30:41 IST Enter CVV number in creadit card form is -- ] 000
<br>]]>
    </line>
    <line>
      <![CDATA[Fri, 1 Mar 2013 18:30:41 IST Select Expiry date of creadit card - PASS 
<br>]]>
    </line>
    <line>
      <![CDATA[Fri, 1 Mar 2013 18:30:41 IST Click on Proceed to Final Step button - PASS 
<br>]]>
    </line>
    <line>
      <![CDATA[Fri, 1 Mar 2013 18:30:41 IST  ########## Start Verify Elements Display After Select Mode Of Payment ENDS ###########
<br>]]>
    </line>
    <line>
      <![CDATA[Fri, 1 Mar 2013 18:30:41 IST  ########## Start Enter CreditCard Information STARTS ###########
<br>]]>
    </line>
    <line>
      <![CDATA[Fri, 1 Mar 2013 18:30:45 IST Verify redirect user to review & submit page - PASS 
<br>]]>
    </line>
    <line>
      <![CDATA[Fri, 1 Mar 2013 18:30:45 IST Information Display under Personal Information Heading - PASS 
<br>]]>
    </line>
    <line>
      <![CDATA[Fri, 1 Mar 2013 18:30:45 IST Information Display under Program Information Heading - PASS 
<br>]]>
    </line>
    <line>
      <![CDATA[Fri, 1 Mar 2013 18:30:46 IST Information Display under Payment Information Heading - PASS 
<br>]]>
    </line>
    <line>
      <![CDATA[Fri, 1 Mar 2013 18:30:46 IST  ########## Start Enter CreditCard Information ENDS ###########
<br>]]>
    </line>
    <line>
      <![CDATA[Fri, 1 Mar 2013 18:30:46 IST  ########## Start Verify Elements Display On Review and Submit Page STARTS ###########
<br>]]>
    </line>
    <line>
      <![CDATA[Fri, 1 Mar 2013 18:31:25 IST  Final Student ID not genrated application display only is Congratulations page
<br>]]>
    </line>
    <line>
      <![CDATA[Fri, 1 Mar 2013 18:31:25 IST  ########## Start Verify Elements Display On Review and Submit Page ENDS ###########
<br>]]>
    </line>
    <line>
      <![CDATA[Fri, 1 Mar 2013 18:31:25 IST  ########## Stop Browser Session ###########
<br>]]>
    </line>
    <line>
      <![CDATA[Fri, 1 Mar 2013 18:31:28 IST  ########## Start browser session STARTS ###########
<br>]]>
    </line>
    <line>
      <![CDATA[Fri, 1 Mar 2013 18:31:30 IST  ########## Start browser session ENDS ###########
<br>]]>
    </line>
    <line>
      <![CDATA[Fri, 1 Mar 2013 18:31:30 IST  ########## Start Launch Home Page STARTS ###########
<br>]]>
    </line>
    <line>
      <![CDATA[Fri, 1 Mar 2013 18:31:37 IST  ########## Start Launch Home Page ENDS ###########
<br>]]>
    </line>
    <line>
      <![CDATA[Fri, 1 Mar 2013 18:31:37 IST  ########## Start Launch Home Page STARTS ###########
<br>]]>
    </line>
    <line>
      <![CDATA[Fri, 1 Mar 2013 18:31:42 IST Click on Receive Information (No course) - Pass
<br>]]>
    </line>
    <line>
      <![CDATA[Fri, 1 Mar 2013 18:31:43 IST  Penn Foster School Image Verify - Pass
<br>]]>
    </line>
    <line>
      <![CDATA[Fri, 1 Mar 2013 18:31:43 IST  ########## Start Launch Home Page ENDS ###########
<br>]]>
    </line>
    <line>
      <![CDATA[Fri, 1 Mar 2013 18:31:43 IST  ########## Start Get Number Of Course Available STARTS ###########
<br>]]>
    </line>
    <line>
      <![CDATA[Fri, 1 Mar 2013 18:31:43 IST Total number of Course under Receive Information (No course) is --] 185 - Pass
<br>]]>
    </line>
    <line>
      <![CDATA[Fri, 1 Mar 2013 18:31:46 IST  ########## Start Get Number Of Course Available ENDS ###########
<br>]]>
    </line>
    <line>
      <![CDATA[Fri, 1 Mar 2013 18:31:46 IST  ########## Start Select Course From Available Courses STARTS ###########
<br>]]>
    </line>
    <line>
      <![CDATA[Fri, 1 Mar 2013 18:31:46 IST  Select a course from dropdown - Pass
<br>]]>
    </line>
    <line>
      <![CDATA[Fri, 1 Mar 2013 18:31:52 IST  Click on Continue button - Pass
<br>]]>
    </line>
    <line>
      <![CDATA[Fri, 1 Mar 2013 18:31:52 IST  ########## Start Select Course From Available Courses ENDS ###########
<br>]]>
    </line>
    <line>
      <![CDATA[Fri, 1 Mar 2013 18:31:52 IST  ########## Start Enter Information On Personal Informatoin Page STARTS ###########
<br>]]>
    </line>
    <line>
      <![CDATA[Fri, 1 Mar 2013 18:31:52 IST  Enter Information on Step1 page - Pass
<br>]]>
    </line>
    <line>
      <![CDATA[Fri, 1 Mar 2013 18:32:00 IST  Enter First Name --] Final
<br>]]>
    </line>
    <line>
      <![CDATA[Fri, 1 Mar 2013 18:32:00 IST  Enter Last Name  --] bny
<br>]]>
    </line>
    <line>
      <![CDATA[Fri, 1 Mar 2013 18:32:00 IST  Enter Email  --] mail013128740@pennfoster.com
<br>]]>
    </line>
    <line>
      <![CDATA[Fri, 1 Mar 2013 18:32:00 IST  Enter Phone Number  --] (248)246-1109
<br>]]>
    </line>
    <line>
      <![CDATA[Fri, 1 Mar 2013 18:32:00 IST  Enter Address  --] 925 Oak St
<br>]]>
    </line>
    <line>
      <![CDATA[Fri, 1 Mar 2013 18:32:00 IST  Enter City  --] Scranton
<br>]]>
    </line>
    <line>
      <![CDATA[Fri, 1 Mar 2013 18:32:00 IST  Enter Zip  --] 18515
<br>]]>
    </line>
    <line>
      <![CDATA[Fri, 1 Mar 2013 18:32:01 IST Enter DOB on personal Inforation page MM:DD:YYY format --] 04101987
<br>]]>
    </line>
    <line>
      <![CDATA[Fri, 1 Mar 2013 18:32:11 IST  ########## Start Enter Remaning Information On Personal Informatoin Page ENDS ###########
<br>]]>
    </line>
    <line>
      <![CDATA[Fri, 1 Mar 2013 18:32:11 IST  ########## Start Enter Remaning Information On Personal Informatoin Page STARTS ###########
<br>]]>
    </line>
    <line>
      <![CDATA[Fri, 1 Mar 2013 18:32:12 IST Verify Course Name display on page i.e. CERTIFIED PERSONAL TRAINER DIPLOMA - PASS
<br>]]>
    </line>
    <line>
      <![CDATA[Fri, 1 Mar 2013 18:32:12 IST Verify Promo COde Link display on Page - PASS
<br>]]>
    </line>
    <line>
      <![CDATA[Fri, 1 Mar 2013 18:32:12 IST  ########## Start Enter Remaning Information On Personal Informatoin Page ENDS ###########
<br>]]>
    </line>
    <line>
      <![CDATA[Fri, 1 Mar 2013 18:32:12 IST  ########## Start Verify Redirect To Payment Information Page STARTS ###########
<br>]]>
    </line>
    <line>
      <![CDATA[Fri, 1 Mar 2013 18:32:12 IST Verify Step Text - PASS
<br>]]>
    </line>
    <line>
      <![CDATA[Fri, 1 Mar 2013 18:32:12 IST Verify Footer Image Secure Transaction - PASS
<br>]]>
    </line>
    <line>
      <![CDATA[Fri, 1 Mar 2013 18:32:12 IST Verify Mode of Payment display on Payment Information Page - PASS
<br>]]>
    </line>
    <line>
      <![CDATA[Fri, 1 Mar 2013 18:32:12 IST  ########## Start Verify Redirect To Payment Information Page ENDS ###########
<br>]]>
    </line>
    <line>
      <![CDATA[Fri, 1 Mar 2013 18:32:12 IST  ########## Start Verify Elements Display On Payment Information STARTS ###########
<br>]]>
    </line>
    <line>
      <![CDATA[Fri, 1 Mar 2013 18:32:14 IST Verify Options diplsy under Full Payment display on Payment Information Page - PASS
<br>]]>
    </line>
    <line>
      <![CDATA[Fri, 1 Mar 2013 18:32:14 IST Select creadit card option display on Payment Information Page - PASS
<br>]]>
    </line>
    <line>
      <![CDATA[Fri, 1 Mar 2013 18:32:14 IST  ########## Start Verify Elements Display On Payment Information ENDS ###########
<br>]]>
    </line>
    <line>
      <![CDATA[Fri, 1 Mar 2013 18:32:14 IST  ########## Start Select Mode Of Payment and Provide Information STARTS ###########
<br>]]>
    </line>
    <line>
      <![CDATA[Fri, 1 Mar 2013 18:32:17 IST Verify form display under creadit card on Payment Information Page - PASS
<br>]]>
    </line>
    <line>
      <![CDATA[Fri, 1 Mar 2013 18:32:17 IST  ########## Start Select Mode Of Payment and Provide Information ENDS ###########
<br>]]>
    </line>
    <line>
      <![CDATA[Fri, 1 Mar 2013 18:32:17 IST  ########## Start Verify Elements Display After Select Mode Of Payment STARTS ###########
<br>]]>
    </line>
    <line>
      <![CDATA[Fri, 1 Mar 2013 18:32:22 IST Enter information in creadit card form
<br>]]>
    </line>
    <line>
      <![CDATA[Fri, 1 Mar 2013 18:32:22 IST Enter Credit Card number in creadit card form is -- ] 4111111111111111
<br>]]>
    </line>
    <line>
      <![CDATA[Fri, 1 Mar 2013 18:32:22 IST Enter CVV number in creadit card form is -- ] 000
<br>]]>
    </line>
    <line>
      <![CDATA[Fri, 1 Mar 2013 18:32:22 IST Select Expiry date of creadit card - PASS 
<br>]]>
    </line>
    <line>
      <![CDATA[Fri, 1 Mar 2013 18:32:22 IST Click on Proceed to Final Step button - PASS 
<br>]]>
    </line>
    <line>
      <![CDATA[Fri, 1 Mar 2013 18:32:22 IST  ########## Start Verify Elements Display After Select Mode Of Payment ENDS ###########
<br>]]>
    </line>
    <line>
      <![CDATA[Fri, 1 Mar 2013 18:32:22 IST  ########## Start Enter CreditCard Information STARTS ###########
<br>]]>
    </line>
    <line>
      <![CDATA[Fri, 1 Mar 2013 18:32:27 IST Verify redirect user to review & submit page - PASS 
<br>]]>
    </line>
    <line>
      <![CDATA[Fri, 1 Mar 2013 18:32:27 IST Information Display under Personal Information Heading - PASS 
<br>]]>
    </line>
    <line>
      <![CDATA[Fri, 1 Mar 2013 18:32:27 IST Information Display under Program Information Heading - PASS 
<br>]]>
    </line>
    <line>
      <![CDATA[Fri, 1 Mar 2013 18:32:27 IST Information Display under Payment Information Heading - PASS 
<br>]]>
    </line>
    <line>
      <![CDATA[Fri, 1 Mar 2013 18:32:28 IST  ########## Start Enter CreditCard Information ENDS ###########
<br>]]>
    </line>
    <line>
      <![CDATA[Fri, 1 Mar 2013 18:32:28 IST  ########## Start Verify Elements Display On Review and Submit Page STARTS ###########
<br>]]>
    </line>
    <line>
      <![CDATA[Fri, 1 Mar 2013 18:33:05 IST  Final Student ID not genrated application display only is Congratulations page
<br>]]>
    </line>
    <line>
      <![CDATA[Fri, 1 Mar 2013 18:33:05 IST  ########## Start Verify Elements Display On Review and Submit Page ENDS ###########
<br>]]>
    </line>
    <line>
      <![CDATA[Fri, 1 Mar 2013 18:33:05 IST  ########## Stop Browser Session ###########
<br>]]>
    </line>
  </reporter-output>
  <suite name="com.jav.Domestic.tests.AllCourse_EOLDomesticEnrollNow_nocourse_Tests" duration-ms="221961" started-at="2013-03-01T12:59:26Z" finished-at="2013-03-01T13:03:08Z">
    <groups>
    </groups>
    <test name="Command line test" duration-ms="221961" started-at="2013-03-01T12:59:26Z" finished-at="2013-03-01T13:03:08Z">
      <class name="com.jav.Domestic.tests.AllCourse_EOLDomesticEnrollNow_nocourse_Tests">
        <test-method status="PASS" signature="initialsettings()[pri:0, instance:com.jav.Domestic.tests.AllCourse_EOLDomesticEnrollNow_nocourse_Tests@f84386]" name="initialsettings" is-config="true" duration-ms="265" started-at="2013-03-01T18:29:26Z" finished-at="2013-03-01T18:29:26Z">
          <reporter-output>
          </reporter-output>
        </test-method> <!-- initialsettings -->
        <test-method status="PASS" signature="setup()[pri:0, instance:com.jav.Domestic.tests.AllCourse_EOLDomesticEnrollNow_nocourse_Tests@f84386]" name="setup" duration-ms="4705" started-at="2013-03-01T18:29:26Z" finished-at="2013-03-01T18:29:31Z">
          <reporter-output>
          </reporter-output>
        </test-method> <!-- setup -->
        <test-method status="PASS" signature="launchHomePage()[pri:0, instance:com.jav.Domestic.tests.AllCourse_EOLDomesticEnrollNow_nocourse_Tests@f84386]" name="launchHomePage" duration-ms="7055" started-at="2013-03-01T18:29:31Z" depends-on-methods="com.jav.Domestic.tests.AllCourse_EOLDomesticEnrollNow_nocourse_Tests.setup" finished-at="2013-03-01T18:29:38Z">
          <reporter-output>
          </reporter-output>
        </test-method> <!-- launchHomePage -->
        <test-method status="PASS" signature="homePageactions()[pri:0, instance:com.jav.Domestic.tests.AllCourse_EOLDomesticEnrollNow_nocourse_Tests@f84386]" name="homePageactions" duration-ms="5288" started-at="2013-03-01T18:29:38Z" depends-on-methods="com.jav.Domestic.tests.AllCourse_EOLDomesticEnrollNow_nocourse_Tests.launchHomePage" finished-at="2013-03-01T18:29:43Z">
          <reporter-output>
            <line>
              <![CDATA[Fri, 1 Mar 2013 18:29:43 IST Click on Receive Information (No course) - Pass
<br>]]>
            </line>
            <line>
              <![CDATA[Fri, 1 Mar 2013 18:29:43 IST  Penn Foster School Image Verify - Pass
<br>]]>
            </line>
          </reporter-output>
        </test-method> <!-- homePageactions -->
        <test-method status="PASS" signature="getNumberOfCourseAvailable()[pri:0, instance:com.jav.Domestic.tests.AllCourse_EOLDomesticEnrollNow_nocourse_Tests@f84386]" name="getNumberOfCourseAvailable" duration-ms="5127" started-at="2013-03-01T18:29:43Z" depends-on-methods="com.jav.Domestic.tests.AllCourse_EOLDomesticEnrollNow_nocourse_Tests.homePageactions" finished-at="2013-03-01T18:29:48Z">
          <reporter-output>
            <line>
              <![CDATA[Fri, 1 Mar 2013 18:29:43 IST Total number of Course under Receive Information (No course) is --] 185 - Pass
<br>]]>
            </line>
          </reporter-output>
        </test-method> <!-- getNumberOfCourseAvailable -->
        <test-method status="PASS" signature="Test()[pri:0, instance:com.jav.Domestic.tests.AllCourse_EOLDomesticEnrollNow_nocourse_Tests@f84386]" name="Test" duration-ms="199502" started-at="2013-03-01T18:29:48Z" depends-on-methods="com.jav.Domestic.tests.AllCourse_EOLDomesticEnrollNow_nocourse_Tests.getNumberOfCourseAvailable" finished-at="2013-03-01T18:33:08Z">
          <reporter-output>
          </reporter-output>
        </test-method> <!-- Test -->
      </class> <!-- com.jav.Domestic.tests.AllCourse_EOLDomesticEnrollNow_nocourse_Tests -->
    </test> <!-- Command line test -->
  </suite> <!-- com.jav.Domestic.tests.AllCourse_EOLDomesticEnrollNow_nocourse_Tests -->
</testng-results>
