<?xml version="1.0" encoding="UTF-8"?>
<!-- Generated by org.testng.reporters.JUnitXMLReporter -->
<testsuite hostname="LNDA0183" name="Default test" tests="13" failures="0" timestamp="6 Mar 2013 08:54:38 GMT" time="105.182" errors="0">
  <testcase name="setup" time="4.564" classname="com.jav.Domestic.tests.EOLDomesticEnrollNow_nocourse_Test"/>
  <testcase name="launchHomePage" time="6.42" classname="com.jav.Domestic.tests.EOLDomesticEnrollNow_nocourse_Test"/>
  <testcase name="homePageactions" time="5.999" classname="com.jav.Domestic.tests.EOLDomesticEnrollNow_nocourse_Test"/>
  <testcase name="getNumberOfCourseAvailable" time="3.239" classname="com.jav.Domestic.tests.EOLDomesticEnrollNow_nocourse_Test"/>
  <testcase name="selectCourseFromAvailableCourses" time="5.57" classname="com.jav.Domestic.tests.EOLDomesticEnrollNow_nocourse_Test"/>
  <testcase name="enterRemaningInformationOnPersonalInformatoinPage" time="22.385" classname="com.jav.Domestic.tests.EOLDomesticEnrollNow_nocourse_Test"/>
  <testcase name="verifyredirectToPaymentInformationPage" time="0.198" classname="com.jav.Domestic.tests.EOLDomesticEnrollNow_nocourse_Test"/>
  <testcase name="verifyElementsDisplayOnPaymentInformation" time="0.48" classname="com.jav.Domestic.tests.EOLDomesticEnrollNow_nocourse_Test"/>
  <testcase name="selectModeOfPaymentandProvideInformation" time="1.663" classname="com.jav.Domestic.tests.EOLDomesticEnrollNow_nocourse_Test"/>
  <testcase name="verifyElementsDisplayAfterSelectModeOfPayment" time="3.034" classname="com.jav.Domestic.tests.EOLDomesticEnrollNow_nocourse_Test"/>
  <testcase name="enterCreditCardInformation" time="5.638" classname="com.jav.Domestic.tests.EOLDomesticEnrollNow_nocourse_Test"/>
  <testcase name="verifyElementsDisplayOnReviewAndSubmitPage" time="5.493" classname="com.jav.Domestic.tests.EOLDomesticEnrollNow_nocourse_Test"/>
  <testcase name="verifyandClickOnTermAndComtitionsDisplayOnReviewandSubmitPage" time="40.056" classname="com.jav.Domestic.tests.EOLDomesticEnrollNow_nocourse_Test"/>
</testsuite> <!-- Default test -->
